0 info it worked if it ends with ok
1 verbose cli [ '/Users/annikahagelin/.node/bin/node',
1 verbose cli   '/Users/annikahagelin/.node/bin/npm',
1 verbose cli   'publish' ]
2 info using npm@2.14.12
3 info using node@v4.3.1
4 verbose publish [ '.' ]
5 silly cache add args [ '.', null ]
6 verbose cache add spec .
7 silly cache add parsed spec Result {
7 silly cache add   raw: '.',
7 silly cache add   scope: null,
7 silly cache add   name: null,
7 silly cache add   rawSpec: '.',
7 silly cache add   spec: '/Users/annikahagelin/compSci/code401/my-web-framework',
7 silly cache add   type: 'directory' }
8 verbose addLocalDirectory /Users/annikahagelin/.npm/my-web-framework/1.0.1/package.tgz not in flight; packing
9 verbose tar pack [ '/Users/annikahagelin/.npm/my-web-framework/1.0.1/package.tgz',
9 verbose tar pack   '/Users/annikahagelin/compSci/code401/my-web-framework' ]
10 verbose tarball /Users/annikahagelin/.npm/my-web-framework/1.0.1/package.tgz
11 verbose folder /Users/annikahagelin/compSci/code401/my-web-framework
12 info prepublish my-web-framework@1.0.1
13 verbose addLocalTarball adding from inside cache /Users/annikahagelin/.npm/my-web-framework/1.0.1/package.tgz
14 silly cache afterAdd my-web-framework@1.0.1
15 verbose afterAdd /Users/annikahagelin/.npm/my-web-framework/1.0.1/package/package.json not in flight; writing
16 verbose afterAdd /Users/annikahagelin/.npm/my-web-framework/1.0.1/package/package.json written
17 silly publish { name: 'my-web-framework',
17 silly publish   version: '1.0.1',
17 silly publish   description: '## use # Router.respond(res, status, msg)',
17 silly publish   main: 'server.js',
17 silly publish   directories: { test: 'test' },
17 silly publish   dependencies: {},
17 silly publish   devDependencies:
17 silly publish    { chai: '^3.5.0',
17 silly publish      'chai-http': '^2.0.1',
17 silly publish      gulp: '^3.9.1',
17 silly publish      'gulp-eslint': '^2.0.0',
17 silly publish      'gulp-mocha': '^2.2.0' },
17 silly publish   scripts:
17 silly publish    { test: 'echo "Error: no test specified" && exit 1',
17 silly publish      start: 'node server.js' },
17 silly publish   repository:
17 silly publish    { type: 'git',
17 silly publish      url: 'git+https://github.com/ankihg/my-web-framework.git' },
17 silly publish   keywords: [],
17 silly publish   author: '',
17 silly publish   license: 'ISC',
17 silly publish   bugs: { url: 'https://github.com/ankihg/my-web-framework/issues' },
17 silly publish   homepage: 'https://github.com/ankihg/my-web-framework#readme',
17 silly publish   gitHead: 'c2083d5df8e3c24fc8229f07f3414cf73b4ddb90',
17 silly publish   readme: '# my web framework\n### i mimic express\n\n## use\n# Router.respond(res, status, msg)\n',
17 silly publish   readmeFilename: 'README.md',
17 silly publish   _id: 'my-web-framework@1.0.1',
17 silly publish   _shasum: 'a0125707dfa00ff668da4c6c517adc8923c84b74',
17 silly publish   _from: '.' }
18 verbose getPublishConfig undefined
19 silly mapToRegistry name my-web-framework
20 silly mapToRegistry using default registry
21 silly mapToRegistry registry https://registry.npmjs.org/
22 silly mapToRegistry uri https://registry.npmjs.org/my-web-framework
23 verbose publish registryBase https://registry.npmjs.org/
24 silly publish uploading /Users/annikahagelin/.npm/my-web-framework/1.0.1/package.tgz
25 verbose request uri https://registry.npmjs.org/my-web-framework
26 verbose request sending authorization for write operation
27 info attempt registry request try #1 at 13:14:46
28 verbose request using bearer token for auth
29 verbose request id f43602e24cc18148
30 http request PUT https://registry.npmjs.org/my-web-framework
31 http 403 https://registry.npmjs.org/my-web-framework
32 verbose headers { 'content-type': 'application/json',
32 verbose headers   'cache-control': 'max-age=300',
32 verbose headers   'content-length': '95',
32 verbose headers   'accept-ranges': 'bytes',
32 verbose headers   date: 'Mon, 14 Mar 2016 20:14:46 GMT',
32 verbose headers   via: '1.1 varnish',
32 verbose headers   connection: 'keep-alive',
32 verbose headers   'x-served-by': 'cache-lax1432-LAX',
32 verbose headers   'x-cache': 'MISS',
32 verbose headers   'x-cache-hits': '0',
32 verbose headers   'x-timer': 'S1457986486.631007,VS0,VE212' }
33 verbose request invalidating /Users/annikahagelin/.npm/registry.npmjs.org/my-web-framework on PUT
34 error publish Failed PUT 403
35 verbose stack Error: "You cannot publish over the previously published version 1.0.1." : my-web-framework
35 verbose stack     at makeError (/Users/annikahagelin/.node/lib/node_modules/npm/node_modules/npm-registry-client/lib/request.js:264:12)
35 verbose stack     at CachingRegistryClient.<anonymous> (/Users/annikahagelin/.node/lib/node_modules/npm/node_modules/npm-registry-client/lib/request.js:252:14)
35 verbose stack     at Request._callback (/Users/annikahagelin/.node/lib/node_modules/npm/node_modules/npm-registry-client/lib/request.js:172:14)
35 verbose stack     at Request.self.callback (/Users/annikahagelin/.node/lib/node_modules/npm/node_modules/request/request.js:198:22)
35 verbose stack     at emitTwo (events.js:87:13)
35 verbose stack     at Request.emit (events.js:172:7)
35 verbose stack     at Request.<anonymous> (/Users/annikahagelin/.node/lib/node_modules/npm/node_modules/request/request.js:1082:10)
35 verbose stack     at emitOne (events.js:82:20)
35 verbose stack     at Request.emit (events.js:169:7)
35 verbose stack     at IncomingMessage.<anonymous> (/Users/annikahagelin/.node/lib/node_modules/npm/node_modules/request/request.js:1009:12)
36 verbose statusCode 403
37 verbose pkgid my-web-framework
38 verbose cwd /Users/annikahagelin/compSci/code401/my-web-framework
39 error Darwin 14.3.0
40 error argv "/Users/annikahagelin/.node/bin/node" "/Users/annikahagelin/.node/bin/npm" "publish"
41 error node v4.3.1
42 error npm  v2.14.12
43 error code E403
44 error "You cannot publish over the previously published version 1.0.1." : my-web-framework
45 error If you need help, you may report this error at:
45 error     <https://github.com/npm/npm/issues>
46 verbose exit [ 1, true ]
